#
# There is insufficient memory for the Java Runtime Environment to continue.
# Native memory allocation (malloc) failed to allocate 1374576 bytes. Error detail: Chunk::new
# Possible reasons:
#   The system is out of physical RAM or swap space
#   This process is running with CompressedOops enabled, and the Java Heap may be blocking the growth of the native heap
# Possible solutions:
#   Reduce memory load on the system
#   Increase physical memory or swap space
#   Check if swap backing store is full
#   Decrease Java heap size (-Xmx/-Xms)
#   Decrease number of Java threads
#   Decrease Java thread stack sizes (-Xss)
#   Set larger code cache with -XX:ReservedCodeCacheSize=
#   JVM is running with Unscaled Compressed Oops mode in which the Java heap is
#     placed in the first 4GB address space. The Java Heap base address is the
#     maximum limit for the native heap growth. Please use -XX:HeapBaseMinAddress
#     to set the Java Heap base and to place the Java Heap above 4GB virtual address.
# This output file may be truncated or incomplete.
#
#  Out of Memory Error (arena.cpp:168), pid=15148, tid=6152
#
# JRE version: OpenJDK Runtime Environment Temurin-21.0.7+6 (21.0.7+6) (build 21.0.7+6-LTS)
# Java VM: OpenJDK 64-Bit Server VM Temurin-21.0.7+6 (21.0.7+6-LTS, mixed mode, sharing, tiered, compressed oops, compressed class ptrs, parallel gc, windows-amd64)
# No core dump will be written. Minidumps are not enabled by default on client versions of Windows
#

---------------  S U M M A R Y ------------

Command Line: --add-modules=ALL-SYSTEM --add-opens=java.base/java.util=ALL-UNNAMED --add-opens=java.base/java.lang=ALL-UNNAMED --add-opens=java.base/sun.nio.fs=ALL-UNNAMED -Declipse.application=org.eclipse.jdt.ls.core.id1 -Dosgi.bundles.defaultStartLevel=4 -Declipse.product=org.eclipse.jdt.ls.core.product -Djava.import.generatesMetadataFilesAtProjectRoot=false -DDetectVMInstallationsJob.disabled=true -Dfile.encoding=utf8 -XX:+UseParallelGC -XX:GCTimeRatio=4 -XX:AdaptiveSizePolicyWeight=90 -Dsun.zip.disableMemoryMapping=true -Xmx1G -Xms100m -Xlog:disable -javaagent:c:\Users\giles\.vscode\extensions\redhat.java-1.42.0-win32-x64\lombok\lombok-1.18.36.jar -XX:+HeapDumpOnOutOfMemoryError -XX:HeapDumpPath=c:\Users\giles\AppData\Roaming\Code\User\workspaceStorage\b34053dedf049084466dff1909101e78\redhat.java -Daether.dependencyCollector.impl=bf c:\Users\giles\.vscode\extensions\redhat.java-1.42.0-win32-x64\server\plugins\org.eclipse.equinox.launcher_1.7.0.v20250424-1814.jar -configuration c:\Users\giles\AppData\Roaming\Code\User\globalStorage\redhat.java\1.42.0\config_win -data c:\Users\giles\AppData\Roaming\Code\User\workspaceStorage\b34053dedf049084466dff1909101e78\redhat.java\jdt_ws --pipe=\\.\pipe\lsp-48e9ef6967c9aed1de5116d20695b263-sock

Host: Intel(R) Core(TM) i3-7100 CPU @ 3.90GHz, 4 cores, 7G,  Windows 11 , 64 bit Build 22000 (10.0.22000.2538)
Time: Mon May 26 14:19:58 2025 South Africa Standard Time elapsed time: 9.969933 seconds (0d 0h 0m 9s)

---------------  T H R E A D  ---------------

Current thread (0x000002dcbe5a5730):  JavaThread "C2 CompilerThread0" daemon [_thread_in_native, id=6152, stack(0x000000e2f8400000,0x000000e2f8500000) (1024K)]


Current CompileTask:
C2:9970 4570   !   4       org.eclipse.osgi.internal.loader.classpath.ClasspathManager::findClassImpl (343 bytes)

Stack: [0x000000e2f8400000,0x000000e2f8500000]
Native frames: (J=compiled Java code, j=interpreted, Vv=VM code, C=native code)
V  [jvm.dll+0x6ce119]
V  [jvm.dll+0x8a84a1]
V  [jvm.dll+0x8aa9ce]
V  [jvm.dll+0x8ab0b3]
V  [jvm.dll+0x27f8a6]
V  [jvm.dll+0xc507d]
V  [jvm.dll+0xc55b3]
V  [jvm.dll+0x3b692c]
V  [jvm.dll+0x1e0029]
V  [jvm.dll+0x247c42]
V  [jvm.dll+0x2470cf]
V  [jvm.dll+0x1c760e]
V  [jvm.dll+0x25695a]
V  [jvm.dll+0x254efa]
V  [jvm.dll+0x3f03f6]
V  [jvm.dll+0x851f6b]
V  [jvm.dll+0x6cc7dd]
C  [ucrtbase.dll+0x26c0c]
C  [KERNEL32.DLL+0x153e0]
C  [ntdll.dll+0x485b]


---------------  P R O C E S S  ---------------

Threads class SMR info:
_java_thread_list=0x000002dd06fca250, length=36, elements={
0x000002dcaa2728f0, 0x000002dcaa33e2c0, 0x000002dcbe59c2f0, 0x000002dcbe59d200,
0x000002dcbe5a2240, 0x000002dcbe5a2f50, 0x000002dcbe5a49b0, 0x000002dcbe5a5730,
0x000002dcbe616160, 0x000002dcaa2dd7f0, 0x000002dd005dcba0, 0x000002dd00f20030,
0x000002dd0504f540, 0x000002dd008a7300, 0x000002dd0506d550, 0x000002dd0570b540,
0x000002dd0526d720, 0x000002dd05411c20, 0x000002dd054134c0, 0x000002dd05414870,
0x000002dd05413b50, 0x000002dd00a44540, 0x000002dd05415c20, 0x000002dd054141e0,
0x000002dd05414f00, 0x000002dd05412e30, 0x000002dd054127a0, 0x000002dd05415590,
0x000002dd07973fe0, 0x000002dd07976740, 0x000002dd07974670, 0x000002dd07977460,
0x000002dd07976dd0, 0x000002dd07971880, 0x000002dd079725a0, 0x000002dd07977af0
}

Java Threads: ( => current thread )
  0x000002dcaa2728f0 JavaThread "main"                              [_thread_blocked, id=2252, stack(0x000000e2f7a00000,0x000000e2f7b00000) (1024K)]
  0x000002dcaa33e2c0 JavaThread "Reference Handler"          daemon [_thread_blocked, id=12120, stack(0x000000e2f7e00000,0x000000e2f7f00000) (1024K)]
  0x000002dcbe59c2f0 JavaThread "Finalizer"                  daemon [_thread_blocked, id=12856, stack(0x000000e2f7f00000,0x000000e2f8000000) (1024K)]
  0x000002dcbe59d200 JavaThread "Signal Dispatcher"          daemon [_thread_blocked, id=14172, stack(0x000000e2f8000000,0x000000e2f8100000) (1024K)]
  0x000002dcbe5a2240 JavaThread "Attach Listener"            daemon [_thread_blocked, id=9032, stack(0x000000e2f8100000,0x000000e2f8200000) (1024K)]
  0x000002dcbe5a2f50 JavaThread "Service Thread"             daemon [_thread_blocked, id=3792, stack(0x000000e2f8200000,0x000000e2f8300000) (1024K)]
  0x000002dcbe5a49b0 JavaThread "Monitor Deflation Thread"   daemon [_thread_blocked, id=3796, stack(0x000000e2f8300000,0x000000e2f8400000) (1024K)]
=>0x000002dcbe5a5730 JavaThread "C2 CompilerThread0"         daemon [_thread_in_native, id=6152, stack(0x000000e2f8400000,0x000000e2f8500000) (1024K)]
  0x000002dcbe616160 JavaThread "C1 CompilerThread0"         daemon [_thread_blocked, id=736, stack(0x000000e2f8500000,0x000000e2f8600000) (1024K)]
  0x000002dcaa2dd7f0 JavaThread "Common-Cleaner"             daemon [_thread_blocked, id=11824, stack(0x000000e2f8600000,0x000000e2f8700000) (1024K)]
  0x000002dd005dcba0 JavaThread "Notification Thread"        daemon [_thread_blocked, id=15072, stack(0x000000e2f8800000,0x000000e2f8900000) (1024K)]
  0x000002dd00f20030 JavaThread "Active Thread: Equinox Container: 09938771-f797-45c0-9dea-b68dd4836070"        [_thread_blocked, id=3524, stack(0x000000e2f8c00000,0x000000e2f8d00000) (1024K)]
  0x000002dd0504f540 JavaThread "Refresh Thread: Equinox Container: 09938771-f797-45c0-9dea-b68dd4836070" daemon [_thread_blocked, id=5468, stack(0x000000e2f8d00000,0x000000e2f8e00000) (1024K)]
  0x000002dd008a7300 JavaThread "Framework Event Dispatcher: Equinox Container: 09938771-f797-45c0-9dea-b68dd4836070" daemon [_thread_blocked, id=15016, stack(0x000000e2f8e00000,0x000000e2f8f00000) (1024K)]
  0x000002dd0506d550 JavaThread "Start Level: Equinox Container: 09938771-f797-45c0-9dea-b68dd4836070" daemon [_thread_blocked, id=1716, stack(0x000000e2f8f00000,0x000000e2f9000000) (1024K)]
  0x000002dd0570b540 JavaThread "Bundle File Closer"         daemon [_thread_blocked, id=3516, stack(0x000000e2f9000000,0x000000e2f9100000) (1024K)]
  0x000002dd0526d720 JavaThread "SCR Component Actor"        daemon [_thread_blocked, id=11860, stack(0x000000e2f8b00000,0x000000e2f8c00000) (1024K)]
  0x000002dd05411c20 JavaThread "SCR Component Registry"     daemon [_thread_blocked, id=13140, stack(0x000000e2f9100000,0x000000e2f9200000) (1024K)]
  0x000002dd054134c0 JavaThread "Worker-JM"                         [_thread_blocked, id=13912, stack(0x000000e2f9300000,0x000000e2f9400000) (1024K)]
  0x000002dd05414870 JavaThread "JNA Cleaner"                daemon [_thread_blocked, id=11912, stack(0x000000e2f9200000,0x000000e2f9300000) (1024K)]
  0x000002dd05413b50 JavaThread "Worker-0: Repository registry initialization"        [_thread_blocked, id=4600, stack(0x000000e2f9400000,0x000000e2f9500000) (1024K)]
  0x000002dd00a44540 JavaThread "C2 CompilerThread1"         daemon [_thread_in_native, id=8264, stack(0x000000e2f9500000,0x000000e2f9600000) (1024K)]
  0x000002dd05415c20 JavaThread "Worker-1: Initialize After Load"        [_thread_blocked, id=5640, stack(0x000000e2f9600000,0x000000e2f9700000) (1024K)]
  0x000002dd054141e0 JavaThread "Worker-2: Updating Maven Dependencies"        [_thread_in_Java, id=13652, stack(0x000000e2f9700000,0x000000e2f9800000) (1024K)]
  0x000002dd05414f00 JavaThread "Java indexing"              daemon [_thread_blocked, id=8572, stack(0x000000e2f9800000,0x000000e2f9900000) (1024K)]
  0x000002dd05412e30 JavaThread "Worker-3"                          [_thread_blocked, id=14344, stack(0x000000e2f9900000,0x000000e2f9a00000) (1024K)]
  0x000002dd054127a0 JavaThread "Worker-4"                          [_thread_blocked, id=11416, stack(0x000000e2f9a00000,0x000000e2f9b00000) (1024K)]
  0x000002dd05415590 JavaThread "Worker-5"                          [_thread_blocked, id=9508, stack(0x000000e2f9b00000,0x000000e2f9c00000) (1024K)]
  0x000002dd07973fe0 JavaThread "Thread-2"                   daemon [_thread_in_native, id=1832, stack(0x000000e2f9c00000,0x000000e2f9d00000) (1024K)]
  0x000002dd07976740 JavaThread "Thread-3"                   daemon [_thread_in_native, id=15152, stack(0x000000e2f9d00000,0x000000e2f9e00000) (1024K)]
  0x000002dd07974670 JavaThread "Thread-4"                   daemon [_thread_in_native, id=13228, stack(0x000000e2f9e00000,0x000000e2f9f00000) (1024K)]
  0x000002dd07977460 JavaThread "Thread-5"                   daemon [_thread_in_native, id=9960, stack(0x000000e2f9f00000,0x000000e2fa000000) (1024K)]
  0x000002dd07976dd0 JavaThread "Thread-6"                   daemon [_thread_in_native, id=7996, stack(0x000000e2fa000000,0x000000e2fa100000) (1024K)]
  0x000002dd07971880 JavaThread "pool-2-thread-1"                   [_thread_blocked, id=15056, stack(0x000000e2fa100000,0x000000e2fa200000) (1024K)]
  0x000002dd079725a0 JavaThread "WorkspaceEventsHandler"            [_thread_blocked, id=5020, stack(0x000000e2fa200000,0x000000e2fa300000) (1024K)]
  0x000002dd07977af0 JavaThread "pool-1-thread-1"                   [_thread_in_Java, id=13676, stack(0x000000e2fa300000,0x000000e2fa400000) (1024K)]
Total: 36

Other Threads:
  0x000002dca805ead0 VMThread "VM Thread"                           [id=13772, stack(0x000000e2f7d00000,0x000000e2f7e00000) (1024K)]
  0x000002dcbe54ca00 WatcherThread "VM Periodic Task Thread"        [id=12264, stack(0x000000e2f7c00000,0x000000e2f7d00000) (1024K)]
  0x000002dcaa28fe80 WorkerThread "GC Thread#0"                     [id=4184, stack(0x000000e2f7b00000,0x000000e2f7c00000) (1024K)]
  0x000002dd007fd210 WorkerThread "GC Thread#1"                     [id=1160, stack(0x000000e2f8700000,0x000000e2f8800000) (1024K)]
  0x000002dd007fd5b0 WorkerThread "GC Thread#2"                     [id=3048, stack(0x000000e2f8900000,0x000000e2f8a00000) (1024K)]
  0x000002dd007fd950 WorkerThread "GC Thread#3"                     [id=4380, stack(0x000000e2f8a00000,0x000000e2f8b00000) (1024K)]
Total: 6

Threads with active compile tasks:
C2 CompilerThread0  9998 4570   !   4       org.eclipse.osgi.internal.loader.classpath.ClasspathManager::findClassImpl (343 bytes)
C2 CompilerThread1  9998 4939   !   4       org.eclipse.osgi.internal.loader.classpath.ClasspathManager::defineClass (636 bytes)
Total: 2

VM state: not at safepoint (normal execution)

VM Mutex/Monitor currently owned by a thread: None

Heap address: 0x00000000c0000000, size: 1024 MB, Compressed Oops mode: 32-bit

CDS archive(s) mapped at: [0x000002dcbf000000-0x000002dcbfba0000-0x000002dcbfba0000), size 12189696, SharedBaseAddress: 0x000002dcbf000000, ArchiveRelocationMode: 1.
Compressed class space mapped at: 0x000002dcc0000000-0x000002dd00000000, reserved size: 1073741824
Narrow klass base: 0x000002dcbf000000, Narrow klass shift: 0, Narrow klass range: 0x100000000

GC Precious Log:
 CardTable entry size: 512
 CPUs: 4 total, 4 available
 Memory: 8106M
 Large Page Support: Disabled
 NUMA Support: Disabled
 Compressed Oops: Enabled (32-bit)
 Alignments: Space 512K, Generation 512K, Heap 2M
 Heap Min Capacity: 100M
 Heap Initial Capacity: 100M
 Heap Max Capacity: 1G
 Pre-touch: Disabled
 Parallel Workers: 4

Heap:
 PSYoungGen      total 23552K, used 8918K [0x00000000eab00000, 0x00000000ec600000, 0x0000000100000000)
  eden space 22016K, 35% used [0x00000000eab00000,0x00000000eb2a8320,0x00000000ec080000)
  from space 1536K, 70% used [0x00000000ec480000,0x00000000ec58d540,0x00000000ec600000)
  to   space 1536K, 0% used [0x00000000ec300000,0x00000000ec300000,0x00000000ec480000)
 ParOldGen       total 68608K, used 18251K [0x00000000c0000000, 0x00000000c4300000, 0x00000000eab00000)
  object space 68608K, 26% used [0x00000000c0000000,0x00000000c11d2ec8,0x00000000c4300000)
 Metaspace       used 37088K, committed 38208K, reserved 1114112K
  class space    used 3796K, committed 4352K, reserved 1048576K

Card table byte_map: [0x000002dca9c40000,0x000002dca9e50000] _byte_map_base: 0x000002dca9640000

Marking Bits: (ParMarkBitMap*) 0x00007ffb4e3c31f0
 Begin Bits: [0x000002dcbc470000, 0x000002dcbd470000)
 End Bits:   [0x000002dcbd470000, 0x000002dcbe470000)

Polling page: 0x000002dca8310000

Metaspace:

Usage:
  Non-class:     32.51 MB used.
      Class:      3.71 MB used.
       Both:     36.22 MB used.

Virtual space:
  Non-class space:       64.00 MB reserved,      33.06 MB ( 52%) committed,  1 nodes.
      Class space:        1.00 GB reserved,       4.25 MB ( <1%) committed,  1 nodes.
             Both:        1.06 GB reserved,      37.31 MB (  3%) committed. 

Chunk freelists:
   Non-Class:  14.06 MB
       Class:  11.61 MB
        Both:  25.67 MB

MaxMetaspaceSize: unlimited
CompressedClassSpaceSize: 1.00 GB
Initial GC threshold: 21.00 MB
Current GC threshold: 58.38 MB
CDS: on
 - commit_granule_bytes: 65536.
 - commit_granule_words: 8192.
 - virtual_space_node_default_size: 8388608.
 - enlarge_chunks_in_place: 1.
 - use_allocation_guard: 0.


Internal statistics:

num_allocs_failed_limit: 6.
num_arena_births: 758.
num_arena_deaths: 22.
num_vsnodes_births: 2.
num_vsnodes_deaths: 0.
num_space_committed: 597.
num_space_uncommitted: 0.
num_chunks_returned_to_freelist: 31.
num_chunks_taken_from_freelist: 2314.
num_chunk_merges: 12.
num_chunk_splits: 1479.
num_chunks_enlarged: 909.
num_inconsistent_stats: 0.

CodeHeap 'non-profiled nmethods': size=120000Kb used=2298Kb max_used=2401Kb free=117701Kb
 bounds [0x000002dcb4f40000, 0x000002dcb51b0000, 0x000002dcbc470000]
CodeHeap 'profiled nmethods': size=120000Kb used=9020Kb max_used=10138Kb free=110979Kb
 bounds [0x000002dcad470000, 0x000002dcade60000, 0x000002dcb49a0000]
CodeHeap 'non-nmethods': size=5760Kb used=1354Kb max_used=1414Kb free=4405Kb
 bounds [0x000002dcb49a0000, 0x000002dcb4c10000, 0x000002dcb4f40000]
 total_blobs=5077 nmethods=4424 adapters=559
 compilation: enabled
              stopped_count=0, restarted_count=0
 full_count=0

Compilation events (20 events):
Event: 9.942 Thread 0x000002dcbe616160 4985       3       com.google.inject.Key::<init> (29 bytes)
Event: 9.942 Thread 0x000002dcbe616160 nmethod 4985 0x000002dcad64ee90 code [0x000002dcad64f080, 0x000002dcad64f4c0]
Event: 9.948 Thread 0x000002dcbe616160 4987       3       com.google.common.cache.LocalCache::expiresAfterWrite (15 bytes)
Event: 9.948 Thread 0x000002dcbe616160 nmethod 4987 0x000002dcad53d210 code [0x000002dcad53d3a0, 0x000002dcad53d508]
Event: 9.949 Thread 0x000002dcbe616160 4988       3       com.google.inject.spi.Elements$RecordingBinder::getElementSource (136 bytes)
Event: 9.949 Thread 0x000002dcbe616160 nmethod 4988 0x000002dcad502890 code [0x000002dcad502b00, 0x000002dcad5034d8]
Event: 9.949 Thread 0x000002dcbe616160 4989       3       com.google.inject.spi.ElementSource::<init> (47 bytes)
Event: 9.950 Thread 0x000002dcbe616160 nmethod 4989 0x000002dcad568b10 code [0x000002dcad568d20, 0x000002dcad569208]
Event: 9.950 Thread 0x000002dcbe616160 4990       3       java.lang.reflect.Modifier::isAbstract (14 bytes)
Event: 9.951 Thread 0x000002dcbe616160 nmethod 4990 0x000002dcad5d6f90 code [0x000002dcad5d7120, 0x000002dcad5d7268]
Event: 9.954 Thread 0x000002dcbe616160 4992       3       com.google.inject.spi.Elements$RecordingBinder::bind (23 bytes)
Event: 9.955 Thread 0x000002dcbe616160 nmethod 4992 0x000002dcad567d90 code [0x000002dcad567fa0, 0x000002dcad568660]
Event: 9.955 Thread 0x000002dcbe616160 4993       3       com.google.inject.internal.AbstractBindingBuilder::<init> (56 bytes)
Event: 9.955 Thread 0x000002dcbe616160 nmethod 4993 0x000002dcad5de810 code [0x000002dcad5dea00, 0x000002dcad5def58]
Event: 9.957 Thread 0x000002dcbe616160 4994       3       org.eclipse.sisu.space.asm.ClassReader::readClass (7 bytes)
Event: 9.957 Thread 0x000002dcbe616160 nmethod 4994 0x000002dcad502190 code [0x000002dcad502380, 0x000002dcad5026d0]
Event: 9.958 Thread 0x000002dcbe616160 4995       3       org.eclipse.sisu.space.asm.ClassReader::readStringish (16 bytes)
Event: 9.958 Thread 0x000002dcbe616160 nmethod 4995 0x000002dcad64e790 code [0x000002dcad64e960, 0x000002dcad64ec40]
Event: 9.963 Thread 0x000002dcbe616160 4996       3       java.lang.Class::getAnnotation (22 bytes)
Event: 9.963 Thread 0x000002dcbe616160 nmethod 4996 0x000002dcad5de010 code [0x000002dcad5de200, 0x000002dcad5de680]

GC Heap History (20 events):
Event: 7.845 GC heap before
{Heap before GC invocations=7 (full 0):
 PSYoungGen      total 29696K, used 23980K [0x00000000eab00000, 0x00000000ece80000, 0x0000000100000000)
  eden space 24576K, 77% used [0x00000000eab00000,0x00000000ebd9a720,0x00000000ec300000)
  from space 5120K, 96% used [0x00000000ec980000,0x00000000ece509a8,0x00000000ece80000)
  to   space 5632K, 0% used [0x00000000ec380000,0x00000000ec380000,0x00000000ec900000)
 ParOldGen       total 68608K, used 8391K [0x00000000c0000000, 0x00000000c4300000, 0x00000000eab00000)
  object space 68608K, 12% used [0x00000000c0000000,0x00000000c0831df0,0x00000000c4300000)
 Metaspace       used 20647K, committed 21504K, reserved 1114112K
  class space    used 2111K, committed 2496K, reserved 1048576K
}
Event: 7.850 GC heap after
{Heap after GC invocations=7 (full 0):
 PSYoungGen      total 29184K, used 4158K [0x00000000eab00000, 0x00000000ecc00000, 0x0000000100000000)
  eden space 24576K, 0% used [0x00000000eab00000,0x00000000eab00000,0x00000000ec300000)
  from space 4608K, 90% used [0x00000000ec380000,0x00000000ec78f868,0x00000000ec800000)
  to   space 4096K, 0% used [0x00000000ec800000,0x00000000ec800000,0x00000000ecc00000)
 ParOldGen       total 68608K, used 9581K [0x00000000c0000000, 0x00000000c4300000, 0x00000000eab00000)
  object space 68608K, 13% used [0x00000000c0000000,0x00000000c095b620,0x00000000c4300000)
 Metaspace       used 20647K, committed 21504K, reserved 1114112K
  class space    used 2111K, committed 2496K, reserved 1048576K
}
Event: 7.850 GC heap before
{Heap before GC invocations=8 (full 1):
 PSYoungGen      total 29184K, used 4158K [0x00000000eab00000, 0x00000000ecc00000, 0x0000000100000000)
  eden space 24576K, 0% used [0x00000000eab00000,0x00000000eab00000,0x00000000ec300000)
  from space 4608K, 90% used [0x00000000ec380000,0x00000000ec78f868,0x00000000ec800000)
  to   space 4096K, 0% used [0x00000000ec800000,0x00000000ec800000,0x00000000ecc00000)
 ParOldGen       total 68608K, used 9581K [0x00000000c0000000, 0x00000000c4300000, 0x00000000eab00000)
  object space 68608K, 13% used [0x00000000c0000000,0x00000000c095b620,0x00000000c4300000)
 Metaspace       used 20647K, committed 21504K, reserved 1114112K
  class space    used 2111K, committed 2496K, reserved 1048576K
}
Event: 7.889 GC heap after
{Heap after GC invocations=8 (full 1):
 PSYoungGen      total 29184K, used 0K [0x00000000eab00000, 0x00000000ecc00000, 0x0000000100000000)
  eden space 24576K, 0% used [0x00000000eab00000,0x00000000eab00000,0x00000000ec300000)
  from space 4608K, 0% used [0x00000000ec380000,0x00000000ec380000,0x00000000ec800000)
  to   space 4096K, 0% used [0x00000000ec800000,0x00000000ec800000,0x00000000ecc00000)
 ParOldGen       total 68608K, used 12554K [0x00000000c0000000, 0x00000000c4300000, 0x00000000eab00000)
  object space 68608K, 18% used [0x00000000c0000000,0x00000000c0c42ba0,0x00000000c4300000)
 Metaspace       used 20635K, committed 21504K, reserved 1114112K
  class space    used 2107K, committed 2496K, reserved 1048576K
}
Event: 8.057 GC heap before
{Heap before GC invocations=9 (full 1):
 PSYoungGen      total 29184K, used 24576K [0x00000000eab00000, 0x00000000ecc00000, 0x0000000100000000)
  eden space 24576K, 100% used [0x00000000eab00000,0x00000000ec300000,0x00000000ec300000)
  from space 4608K, 0% used [0x00000000ec380000,0x00000000ec380000,0x00000000ec800000)
  to   space 4096K, 0% used [0x00000000ec800000,0x00000000ec800000,0x00000000ecc00000)
 ParOldGen       total 68608K, used 12554K [0x00000000c0000000, 0x00000000c4300000, 0x00000000eab00000)
  object space 68608K, 18% used [0x00000000c0000000,0x00000000c0c42ba0,0x00000000c4300000)
 Metaspace       used 23078K, committed 23936K, reserved 1114112K
  class space    used 2263K, committed 2624K, reserved 1048576K
}
Event: 8.058 GC heap after
{Heap after GC invocations=9 (full 1):
 PSYoungGen      total 25088K, used 767K [0x00000000eab00000, 0x00000000ec900000, 0x0000000100000000)
  eden space 24064K, 0% used [0x00000000eab00000,0x00000000eab00000,0x00000000ec280000)
  from space 1024K, 74% used [0x00000000ec800000,0x00000000ec8bfdd0,0x00000000ec900000)
  to   space 2560K, 0% used [0x00000000ec400000,0x00000000ec400000,0x00000000ec680000)
 ParOldGen       total 68608K, used 12554K [0x00000000c0000000, 0x00000000c4300000, 0x00000000eab00000)
  object space 68608K, 18% used [0x00000000c0000000,0x00000000c0c42ba0,0x00000000c4300000)
 Metaspace       used 23078K, committed 23936K, reserved 1114112K
  class space    used 2263K, committed 2624K, reserved 1048576K
}
Event: 8.233 GC heap before
{Heap before GC invocations=10 (full 1):
 PSYoungGen      total 25088K, used 24831K [0x00000000eab00000, 0x00000000ec900000, 0x0000000100000000)
  eden space 24064K, 100% used [0x00000000eab00000,0x00000000ec280000,0x00000000ec280000)
  from space 1024K, 74% used [0x00000000ec800000,0x00000000ec8bfdd0,0x00000000ec900000)
  to   space 2560K, 0% used [0x00000000ec400000,0x00000000ec400000,0x00000000ec680000)
 ParOldGen       total 68608K, used 12554K [0x00000000c0000000, 0x00000000c4300000, 0x00000000eab00000)
  object space 68608K, 18% used [0x00000000c0000000,0x00000000c0c42ba0,0x00000000c4300000)
 Metaspace       used 26249K, committed 27136K, reserved 1114112K
  class space    used 2505K, committed 2880K, reserved 1048576K
}
Event: 8.236 GC heap after
{Heap after GC invocations=10 (full 1):
 PSYoungGen      total 26112K, used 2463K [0x00000000eab00000, 0x00000000ec880000, 0x0000000100000000)
  eden space 23552K, 0% used [0x00000000eab00000,0x00000000eab00000,0x00000000ec200000)
  from space 2560K, 96% used [0x00000000ec400000,0x00000000ec667d90,0x00000000ec680000)
  to   space 2048K, 0% used [0x00000000ec680000,0x00000000ec680000,0x00000000ec880000)
 ParOldGen       total 68608K, used 12554K [0x00000000c0000000, 0x00000000c4300000, 0x00000000eab00000)
  object space 68608K, 18% used [0x00000000c0000000,0x00000000c0c42ba0,0x00000000c4300000)
 Metaspace       used 26249K, committed 27136K, reserved 1114112K
  class space    used 2505K, committed 2880K, reserved 1048576K
}
Event: 8.752 GC heap before
{Heap before GC invocations=11 (full 1):
 PSYoungGen      total 26112K, used 26015K [0x00000000eab00000, 0x00000000ec880000, 0x0000000100000000)
  eden space 23552K, 100% used [0x00000000eab00000,0x00000000ec200000,0x00000000ec200000)
  from space 2560K, 96% used [0x00000000ec400000,0x00000000ec667d90,0x00000000ec680000)
  to   space 2048K, 0% used [0x00000000ec680000,0x00000000ec680000,0x00000000ec880000)
 ParOldGen       total 68608K, used 12554K [0x00000000c0000000, 0x00000000c4300000, 0x00000000eab00000)
  object space 68608K, 18% used [0x00000000c0000000,0x00000000c0c42ba0,0x00000000c4300000)
 Metaspace       used 27494K, committed 28352K, reserved 1114112K
  class space    used 2600K, committed 2944K, reserved 1048576K
}
Event: 8.755 GC heap after
{Heap after GC invocations=11 (full 1):
 PSYoungGen      total 25088K, used 1755K [0x00000000eab00000, 0x00000000ec880000, 0x0000000100000000)
  eden space 23040K, 0% used [0x00000000eab00000,0x00000000eab00000,0x00000000ec180000)
  from space 2048K, 85% used [0x00000000ec680000,0x00000000ec836da0,0x00000000ec880000)
  to   space 2048K, 0% used [0x00000000ec480000,0x00000000ec480000,0x00000000ec680000)
 ParOldGen       total 68608K, used 13765K [0x00000000c0000000, 0x00000000c4300000, 0x00000000eab00000)
  object space 68608K, 20% used [0x00000000c0000000,0x00000000c0d715b8,0x00000000c4300000)
 Metaspace       used 27494K, committed 28352K, reserved 1114112K
  class space    used 2600K, committed 2944K, reserved 1048576K
}
Event: 9.074 GC heap before
{Heap before GC invocations=12 (full 1):
 PSYoungGen      total 25088K, used 24795K [0x00000000eab00000, 0x00000000ec880000, 0x0000000100000000)
  eden space 23040K, 100% used [0x00000000eab00000,0x00000000ec180000,0x00000000ec180000)
  from space 2048K, 85% used [0x00000000ec680000,0x00000000ec836da0,0x00000000ec880000)
  to   space 2048K, 0% used [0x00000000ec480000,0x00000000ec480000,0x00000000ec680000)
 ParOldGen       total 68608K, used 13765K [0x00000000c0000000, 0x00000000c4300000, 0x00000000eab00000)
  object space 68608K, 20% used [0x00000000c0000000,0x00000000c0d715b8,0x00000000c4300000)
 Metaspace       used 31051K, committed 32064K, reserved 1114112K
  class space    used 3012K, committed 3456K, reserved 1048576K
}
Event: 9.077 GC heap after
{Heap after GC invocations=12 (full 1):
 PSYoungGen      total 24064K, used 1462K [0x00000000eab00000, 0x00000000ec700000, 0x0000000100000000)
  eden space 22528K, 0% used [0x00000000eab00000,0x00000000eab00000,0x00000000ec100000)
  from space 1536K, 95% used [0x00000000ec480000,0x00000000ec5edac0,0x00000000ec600000)
  to   space 1024K, 0% used [0x00000000ec600000,0x00000000ec600000,0x00000000ec700000)
 ParOldGen       total 68608K, used 15434K [0x00000000c0000000, 0x00000000c4300000, 0x00000000eab00000)
  object space 68608K, 22% used [0x00000000c0000000,0x00000000c0f12bb0,0x00000000c4300000)
 Metaspace       used 31051K, committed 32064K, reserved 1114112K
  class space    used 3012K, committed 3456K, reserved 1048576K
}
Event: 9.375 GC heap before
{Heap before GC invocations=13 (full 1):
 PSYoungGen      total 24064K, used 23990K [0x00000000eab00000, 0x00000000ec700000, 0x0000000100000000)
  eden space 22528K, 100% used [0x00000000eab00000,0x00000000ec100000,0x00000000ec100000)
  from space 1536K, 95% used [0x00000000ec480000,0x00000000ec5edac0,0x00000000ec600000)
  to   space 1024K, 0% used [0x00000000ec600000,0x00000000ec600000,0x00000000ec700000)
 ParOldGen       total 68608K, used 15434K [0x00000000c0000000, 0x00000000c4300000, 0x00000000eab00000)
  object space 68608K, 22% used [0x00000000c0000000,0x00000000c0f12bb0,0x00000000c4300000)
 Metaspace       used 34096K, committed 35136K, reserved 1114112K
  class space    used 3396K, committed 3904K, reserved 1048576K
}
Event: 9.379 GC heap after
{Heap after GC invocations=13 (full 1):
 PSYoungGen      total 23040K, used 1022K [0x00000000eab00000, 0x00000000ec700000, 0x0000000100000000)
  eden space 22016K, 0% used [0x00000000eab00000,0x00000000eab00000,0x00000000ec080000)
  from space 1024K, 99% used [0x00000000ec600000,0x00000000ec6ffa20,0x00000000ec700000)
  to   space 3072K, 0% used [0x00000000ec100000,0x00000000ec100000,0x00000000ec400000)
 ParOldGen       total 68608K, used 17027K [0x00000000c0000000, 0x00000000c4300000, 0x00000000eab00000)
  object space 68608K, 24% used [0x00000000c0000000,0x00000000c10a0f38,0x00000000c4300000)
 Metaspace       used 34096K, committed 35136K, reserved 1114112K
  class space    used 3396K, committed 3904K, reserved 1048576K
}
Event: 9.480 GC heap before
{Heap before GC invocations=14 (full 1):
 PSYoungGen      total 23040K, used 8571K [0x00000000eab00000, 0x00000000ec700000, 0x0000000100000000)
  eden space 22016K, 34% used [0x00000000eab00000,0x00000000eb25f248,0x00000000ec080000)
  from space 1024K, 99% used [0x00000000ec600000,0x00000000ec6ffa20,0x00000000ec700000)
  to   space 3072K, 0% used [0x00000000ec100000,0x00000000ec100000,0x00000000ec400000)
 ParOldGen       total 68608K, used 17027K [0x00000000c0000000, 0x00000000c4300000, 0x00000000eab00000)
  object space 68608K, 24% used [0x00000000c0000000,0x00000000c10a0f38,0x00000000c4300000)
 Metaspace       used 34791K, committed 35840K, reserved 1114112K
  class space    used 3494K, committed 4032K, reserved 1048576K
}
Event: 9.483 GC heap after
{Heap after GC invocations=14 (full 1):
 PSYoungGen      total 25088K, used 1072K [0x00000000eab00000, 0x00000000ec680000, 0x0000000100000000)
  eden space 22016K, 0% used [0x00000000eab00000,0x00000000eab00000,0x00000000ec080000)
  from space 3072K, 34% used [0x00000000ec100000,0x00000000ec20c010,0x00000000ec400000)
  to   space 2048K, 0% used [0x00000000ec480000,0x00000000ec480000,0x00000000ec680000)
 ParOldGen       total 68608K, used 17775K [0x00000000c0000000, 0x00000000c4300000, 0x00000000eab00000)
  object space 68608K, 25% used [0x00000000c0000000,0x00000000c115bfd0,0x00000000c4300000)
 Metaspace       used 34791K, committed 35840K, reserved 1114112K
  class space    used 3494K, committed 4032K, reserved 1048576K
}
Event: 9.483 GC heap before
{Heap before GC invocations=15 (full 2):
 PSYoungGen      total 25088K, used 1072K [0x00000000eab00000, 0x00000000ec680000, 0x0000000100000000)
  eden space 22016K, 0% used [0x00000000eab00000,0x00000000eab00000,0x00000000ec080000)
  from space 3072K, 34% used [0x00000000ec100000,0x00000000ec20c010,0x00000000ec400000)
  to   space 2048K, 0% used [0x00000000ec480000,0x00000000ec480000,0x00000000ec680000)
 ParOldGen       total 68608K, used 17775K [0x00000000c0000000, 0x00000000c4300000, 0x00000000eab00000)
  object space 68608K, 25% used [0x00000000c0000000,0x00000000c115bfd0,0x00000000c4300000)
 Metaspace       used 34791K, committed 35840K, reserved 1114112K
  class space    used 3494K, committed 4032K, reserved 1048576K
}
Event: 9.537 GC heap after
{Heap after GC invocations=15 (full 2):
 PSYoungGen      total 25088K, used 0K [0x00000000eab00000, 0x00000000ec680000, 0x0000000100000000)
  eden space 22016K, 0% used [0x00000000eab00000,0x00000000eab00000,0x00000000ec080000)
  from space 3072K, 0% used [0x00000000ec100000,0x00000000ec100000,0x00000000ec400000)
  to   space 2048K, 0% used [0x00000000ec480000,0x00000000ec480000,0x00000000ec680000)
 ParOldGen       total 68608K, used 18243K [0x00000000c0000000, 0x00000000c4300000, 0x00000000eab00000)
  object space 68608K, 26% used [0x00000000c0000000,0x00000000c11d0ec8,0x00000000c4300000)
 Metaspace       used 34784K, committed 35840K, reserved 1114112K
  class space    used 3492K, committed 4032K, reserved 1048576K
}
Event: 9.885 GC heap before
{Heap before GC invocations=16 (full 2):
 PSYoungGen      total 25088K, used 21963K [0x00000000eab00000, 0x00000000ec680000, 0x0000000100000000)
  eden space 22016K, 99% used [0x00000000eab00000,0x00000000ec072d38,0x00000000ec080000)
  from space 3072K, 0% used [0x00000000ec100000,0x00000000ec100000,0x00000000ec400000)
  to   space 2048K, 0% used [0x00000000ec480000,0x00000000ec480000,0x00000000ec680000)
 ParOldGen       total 68608K, used 18243K [0x00000000c0000000, 0x00000000c4300000, 0x00000000eab00000)
  object space 68608K, 26% used [0x00000000c0000000,0x00000000c11d0ec8,0x00000000c4300000)
 Metaspace       used 36410K, committed 37440K, reserved 1114112K
  class space    used 3715K, committed 4224K, reserved 1048576K
}
Event: 9.886 GC heap after
{Heap after GC invocations=16 (full 2):
 PSYoungGen      total 23552K, used 1077K [0x00000000eab00000, 0x00000000ec600000, 0x0000000100000000)
  eden space 22016K, 0% used [0x00000000eab00000,0x00000000eab00000,0x00000000ec080000)
  from space 1536K, 70% used [0x00000000ec480000,0x00000000ec58d540,0x00000000ec600000)
  to   space 1536K, 0% used [0x00000000ec300000,0x00000000ec300000,0x00000000ec480000)
 ParOldGen       total 68608K, used 18251K [0x00000000c0000000, 0x00000000c4300000, 0x00000000eab00000)
  object space 68608K, 26% used [0x00000000c0000000,0x00000000c11d2ec8,0x00000000c4300000)
 Metaspace       used 36410K, committed 37440K, reserved 1114112K
  class space    used 3715K, committed 4224K, reserved 1048576K
}

Dll operation events (10 events):
Event: 0.013 Loaded shared library c:\Users\giles\.vscode\extensions\redhat.java-1.42.0-win32-x64\jre\21.0.7-win32-x86_64\bin\java.dll
Event: 0.419 Loaded shared library c:\Users\giles\.vscode\extensions\redhat.java-1.42.0-win32-x64\jre\21.0.7-win32-x86_64\bin\zip.dll
Event: 0.483 Loaded shared library C:\Users\giles\.vscode\extensions\redhat.java-1.42.0-win32-x64\jre\21.0.7-win32-x86_64\bin\instrument.dll
Event: 0.490 Loaded shared library C:\Users\giles\.vscode\extensions\redhat.java-1.42.0-win32-x64\jre\21.0.7-win32-x86_64\bin\net.dll
Event: 0.492 Loaded shared library C:\Users\giles\.vscode\extensions\redhat.java-1.42.0-win32-x64\jre\21.0.7-win32-x86_64\bin\nio.dll
Event: 0.496 Loaded shared library C:\Users\giles\.vscode\extensions\redhat.java-1.42.0-win32-x64\jre\21.0.7-win32-x86_64\bin\zip.dll
Event: 0.553 Loaded shared library C:\Users\giles\.vscode\extensions\redhat.java-1.42.0-win32-x64\jre\21.0.7-win32-x86_64\bin\jimage.dll
Event: 0.717 Loaded shared library c:\Users\giles\.vscode\extensions\redhat.java-1.42.0-win32-x64\jre\21.0.7-win32-x86_64\bin\verify.dll
Event: 3.627 Loaded shared library C:\Users\giles\AppData\Roaming\Code\User\globalStorage\redhat.java\1.42.0\config_win\org.eclipse.equinox.launcher\org.eclipse.equinox.launcher.win32.win32.x86_64_1.2.1300.v20250331-1702\eclipse_11911.dll
Event: 7.030 Loaded shared library C:\Users\giles\AppData\Local\Temp\jna--1494600927\jna10736312934008061879.dll

Deoptimization events (20 events):
Event: 9.702 Thread 0x000002dcaa2728f0 DEOPT PACKING pc=0x000002dcb51234f0 sp=0x000000e2f7afe060
Event: 9.702 Thread 0x000002dcaa2728f0 DEOPT UNPACKING pc=0x000002dcb49f3aa2 sp=0x000000e2f7afdff0 mode 2
Event: 9.798 Thread 0x000002dcaa2728f0 Uncommon trap: trap_request=0xffffff45 fr.pc=0x000002dcb50a8a44 relative=0x0000000000000104
Event: 9.798 Thread 0x000002dcaa2728f0 Uncommon trap: reason=unstable_if action=reinterpret pc=0x000002dcb50a8a44 method=java.lang.CharacterDataLatin1.digit(II)I @ 7 c2
Event: 9.798 Thread 0x000002dcaa2728f0 DEOPT PACKING pc=0x000002dcb50a8a44 sp=0x000000e2f7afe0d0
Event: 9.798 Thread 0x000002dcaa2728f0 DEOPT UNPACKING pc=0x000002dcb49f3aa2 sp=0x000000e2f7afdf90 mode 2
Event: 9.798 Thread 0x000002dcaa2728f0 Uncommon trap: trap_request=0xffffff45 fr.pc=0x000002dcb50a9244 relative=0x0000000000000104
Event: 9.798 Thread 0x000002dcaa2728f0 Uncommon trap: reason=unstable_if action=reinterpret pc=0x000002dcb50a9244 method=java.lang.CharacterDataLatin1.digit(II)I @ 7 c2
Event: 9.798 Thread 0x000002dcaa2728f0 DEOPT PACKING pc=0x000002dcb50a9244 sp=0x000000e2f7afe070
Event: 9.798 Thread 0x000002dcaa2728f0 DEOPT UNPACKING pc=0x000002dcb49f3aa2 sp=0x000000e2f7afdf98 mode 2
Event: 9.798 Thread 0x000002dcaa2728f0 Uncommon trap: trap_request=0xffffff45 fr.pc=0x000002dcb4f7df50 relative=0x00000000000000b0
Event: 9.798 Thread 0x000002dcaa2728f0 Uncommon trap: reason=unstable_if action=reinterpret pc=0x000002dcb4f7df50 method=java.lang.CharacterDataLatin1.digit(II)I @ 7 c2
Event: 9.798 Thread 0x000002dcaa2728f0 DEOPT PACKING pc=0x000002dcb4f7df50 sp=0x000000e2f7afe000
Event: 9.798 Thread 0x000002dcaa2728f0 DEOPT UNPACKING pc=0x000002dcb49f3aa2 sp=0x000000e2f7afdf98 mode 2
Event: 9.801 Thread 0x000002dcaa2728f0 Uncommon trap: trap_request=0xffffff45 fr.pc=0x000002dcb50e0ba4 relative=0x0000000000000764
Event: 9.801 Thread 0x000002dcaa2728f0 Uncommon trap: reason=unstable_if action=reinterpret pc=0x000002dcb50e0ba4 method=java.util.regex.Pattern$BmpCharPropertyGreedy.match(Ljava/util/regex/Matcher;ILjava/lang/CharSequence;)Z @ 12 c2
Event: 9.801 Thread 0x000002dcaa2728f0 DEOPT PACKING pc=0x000002dcb50e0ba4 sp=0x000000e2f7afda30
Event: 9.801 Thread 0x000002dcaa2728f0 DEOPT UNPACKING pc=0x000002dcb49f3aa2 sp=0x000000e2f7afd8f8 mode 2
Event: 9.855 Thread 0x000002dd054141e0 DEOPT PACKING pc=0x000002dcadab33d3 sp=0x000000e2f97fdc70
Event: 9.855 Thread 0x000002dd054141e0 DEOPT UNPACKING pc=0x000002dcb49f4242 sp=0x000000e2f97fd0e0 mode 0

Classes loaded (20 events):
Event: 9.799 Loading class sun/util/locale/provider/CalendarNameProviderImpl done
Event: 9.799 Loading class sun/util/cldr/CLDRCalendarNameProviderImpl done
Event: 9.800 Loading class sun/util/locale/provider/BaseLocaleDataMetaInfo
Event: 9.800 Loading class sun/util/locale/provider/BaseLocaleDataMetaInfo done
Event: 9.801 Loading class sun/util/locale/provider/CalendarNameProviderImpl$LengthBasedComparator
Event: 9.802 Loading class sun/util/locale/provider/CalendarNameProviderImpl$LengthBasedComparator done
Event: 9.869 Loading class sun/nio/ch/PendingFuture
Event: 9.869 Loading class sun/nio/ch/PendingFuture done
Event: 9.869 Loading class sun/nio/ch/WindowsAsynchronousFileChannelImpl$ReadTask
Event: 9.869 Loading class sun/nio/ch/Iocp$ResultHandler
Event: 9.869 Loading class sun/nio/ch/Iocp$ResultHandler done
Event: 9.869 Loading class sun/nio/ch/WindowsAsynchronousFileChannelImpl$ReadTask done
Event: 9.884 Loading class java/io/PrintWriter$1
Event: 9.884 Loading class jdk/internal/access/JavaIOPrintWriterAccess
Event: 9.884 Loading class jdk/internal/access/JavaIOPrintWriterAccess done
Event: 9.884 Loading class java/io/PrintWriter$1 done
Event: 9.887 Loading class java/time/format/DateTimeParseContext
Event: 9.888 Loading class java/time/format/DateTimeParseContext done
Event: 9.888 Loading class java/time/format/Parsed
Event: 9.889 Loading class java/time/format/Parsed done

Classes unloaded (11 events):
Event: 7.857 Thread 0x000002dca805ead0 Unloading class 0x000002dcc01a1400 'java/lang/invoke/LambdaForm$MH+0x000002dcc01a1400'
Event: 7.857 Thread 0x000002dca805ead0 Unloading class 0x000002dcc01a1000 'java/lang/invoke/LambdaForm$MH+0x000002dcc01a1000'
Event: 7.857 Thread 0x000002dca805ead0 Unloading class 0x000002dcc01a0c00 'java/lang/invoke/LambdaForm$MH+0x000002dcc01a0c00'
Event: 7.857 Thread 0x000002dca805ead0 Unloading class 0x000002dcc01a0800 'java/lang/invoke/LambdaForm$MH+0x000002dcc01a0800'
Event: 7.857 Thread 0x000002dca805ead0 Unloading class 0x000002dcc01a0400 'java/lang/invoke/LambdaForm$BMH+0x000002dcc01a0400'
Event: 7.857 Thread 0x000002dca805ead0 Unloading class 0x000002dcc01a0000 'java/lang/invoke/LambdaForm$DMH+0x000002dcc01a0000'
Event: 7.857 Thread 0x000002dca805ead0 Unloading class 0x000002dcc019ec00 'java/lang/invoke/LambdaForm$DMH+0x000002dcc019ec00'
Event: 9.497 Thread 0x000002dca805ead0 Unloading class 0x000002dcc030f000 'java/lang/invoke/LambdaForm$MH+0x000002dcc030f000'
Event: 9.497 Thread 0x000002dca805ead0 Unloading class 0x000002dcc030e400 'java/lang/invoke/LambdaForm$MH+0x000002dcc030e400'
Event: 9.497 Thread 0x000002dca805ead0 Unloading class 0x000002dcc030d800 'java/lang/invoke/LambdaForm$MH+0x000002dcc030d800'
Event: 9.497 Thread 0x000002dca805ead0 Unloading class 0x000002dcc030d000 'java/lang/invoke/LambdaForm$MH+0x000002dcc030d000'

Classes redefined (0 events):
No events

Internal exceptions (20 events):
Event: 8.874 Thread 0x000002dd05413b50 Exception <a 'java/lang/NoSuchMethodError'{0x00000000eb3362d8}: 'java.lang.Object java.lang.invoke.DirectMethodHandle$Holder.invokeStatic(java.lang.Object, int, java.lang.Object, java.lang.Object)'> (0x00000000eb3362d8) 
thrown [s\src\hotspot\share\interpreter\linkResolver.cpp, line 773]
Event: 8.874 Thread 0x000002dd05413b50 Exception <a 'java/lang/NoSuchMethodError'{0x00000000eb339f60}: 'java.lang.Object java.lang.invoke.DelegatingMethodHandle$Holder.delegate(java.lang.Object, int, java.lang.Object, java.lang.Object)'> (0x00000000eb339f60) 
thrown [s\src\hotspot\share\interpreter\linkResolver.cpp, line 773]
Event: 8.875 Thread 0x000002dd0506d550 Exception <a 'java/lang/ClassNotFoundException'{0x00000000eb2ae4d8}: com/sun/org/apache/xml/internal/serializer/spi/XMLEntitiesProvider> (0x00000000eb2ae4d8) 
thrown [s\src\hotspot\share\classfile\systemDictionary.cpp, line 312]
Event: 8.876 Thread 0x000002dd05413b50 Implicit null exception at 0x000002dcb5157084 to 0x000002dcb51573c8
Event: 8.877 Thread 0x000002dd05413b50 Exception <a 'java/lang/NoSuchMethodError'{0x00000000eb34e168}: 'int java.lang.invoke.Invokers$Holder.linkToTargetMethod(java.lang.Object, java.lang.Object, java.lang.Object)'> (0x00000000eb34e168) 
thrown [s\src\hotspot\share\interpreter\linkResolver.cpp, line 773]
Event: 8.921 Thread 0x000002dd054141e0 Exception <a 'java/lang/NoSuchMethodError'{0x00000000eb575a98}: 'java.lang.Object java.lang.invoke.DirectMethodHandle$Holder.invokeSpecialIFC(java.lang.Object, java.lang.Object, java.lang.Object, java.lang.Object)'> (0x00000000eb575a98) 
thrown [s\src\hotspot\share\interpreter\linkResolver.cpp, line 773]
Event: 8.997 Thread 0x000002dd0506d550 Exception <a 'java/io/FileNotFoundException'{0x00000000ebb9fd18}> (0x00000000ebb9fd18) 
thrown [s\src\hotspot\share\prims\jni.cpp, line 520]
Event: 9.021 Thread 0x000002dd0506d550 Exception <a 'java/lang/UnsatisfiedLinkError'{0x00000000ebd8f288}: The specified procedure could not be found.
> (0x00000000ebd8f288) 
thrown [s\src\hotspot\share\prims\jni.cpp, line 539]
Event: 9.025 Thread 0x000002dd0506d550 Exception <a 'java/io/FileNotFoundException'{0x00000000ebda6b30}> (0x00000000ebda6b30) 
thrown [s\src\hotspot\share\prims\jni.cpp, line 520]
Event: 9.036 Thread 0x000002dd0506d550 Exception <a 'java/io/FileNotFoundException'{0x00000000ebed0218}> (0x00000000ebed0218) 
thrown [s\src\hotspot\share\prims\jni.cpp, line 520]
Event: 9.042 Thread 0x000002dd0506d550 Exception <a 'java/lang/UnsatisfiedLinkError'{0x00000000ebf715b8}: The specified procedure could not be found.
> (0x00000000ebf715b8) 
thrown [s\src\hotspot\share\prims\jni.cpp, line 539]
Event: 9.182 Thread 0x000002dd05412e30 Exception <a 'java/lang/NoSuchMethodError'{0x00000000eb329f80}: 'void java.lang.invoke.DirectMethodHandle$Holder.invokeStaticInit(java.lang.Object, java.lang.Object, java.lang.Object, java.lang.Object)'> (0x00000000eb329f80) 
thrown [s\src\hotspot\share\interpreter\linkResolver.cpp, line 773]
Event: 9.364 Thread 0x000002dcaa2728f0 Exception <a 'java/lang/NoSuchMethodError'{0x00000000ec01ed30}: 'java.lang.Object java.lang.invoke.DirectMethodHandle$Holder.invokeStatic(java.lang.Object, long, java.lang.Object)'> (0x00000000ec01ed30) 
thrown [s\src\hotspot\share\interpreter\linkResolver.cpp, line 773]
Event: 9.364 Thread 0x000002dcaa2728f0 Exception <a 'java/lang/NoSuchMethodError'{0x00000000ec022868}: 'java.lang.Object java.lang.invoke.DirectMethodHandle$Holder.invokeStaticInit(java.lang.Object, long, java.lang.Object)'> (0x00000000ec022868) 
thrown [s\src\hotspot\share\interpreter\linkResolver.cpp, line 773]
Event: 9.364 Thread 0x000002dcaa2728f0 Exception <a 'java/lang/NoSuchMethodError'{0x00000000ec028718}: 'java.lang.Object java.lang.invoke.DirectMethodHandle$Holder.newInvokeSpecial(java.lang.Object, long)'> (0x00000000ec028718) 
thrown [s\src\hotspot\share\interpreter\linkResolver.cpp, line 773]
Event: 9.379 Thread 0x000002dd054141e0 Implicit null exception at 0x000002dcb511a889 to 0x000002dcb511a99c
Event: 9.451 Thread 0x000002dd054141e0 Exception <a 'java/lang/NoClassDefFoundError'{0x00000000eb02e780}: javax/enterprise/inject/Typed> (0x00000000eb02e780) 
thrown [s\src\hotspot\share\classfile\systemDictionary.cpp, line 301]
Event: 9.700 Thread 0x000002dcaa2728f0 Exception <a 'java/lang/NoSuchMethodError'{0x00000000eba0d728}: 'void java.lang.invoke.DirectMethodHandle$Holder.invokeSpecial(java.lang.Object, java.lang.Object, java.lang.Object, java.lang.Object, java.lang.Object, java.lang.Object)'> (0x00000000eba0d728) 
thrown [s\src\hotspot\share\interpreter\linkResolver.cpp, line 773]
Event: 9.701 Thread 0x000002dcaa2728f0 Exception <a 'java/lang/IncompatibleClassChangeError'{0x00000000eba15b80}: Found class java.lang.Object, but interface was expected> (0x00000000eba15b80) 
thrown [s\src\hotspot\share\interpreter\linkResolver.cpp, line 840]
Event: 9.702 Thread 0x000002dcaa2728f0 Exception <a 'java/lang/IncompatibleClassChangeError'{0x00000000eba17968}: Found class java.lang.Object, but interface was expected> (0x00000000eba17968) 
thrown [s\src\hotspot\share\interpreter\linkResolver.cpp, line 840]

ZGC Phase Switch (0 events):
No events

VM Operations (20 events):
Event: 8.772 Executing VM operation: HandshakeAllThreads (Deoptimize)
Event: 8.772 Executing VM operation: HandshakeAllThreads (Deoptimize) done
Event: 8.871 Executing VM operation: HandshakeAllThreads (Deoptimize)
Event: 8.873 Executing VM operation: HandshakeAllThreads (Deoptimize) done
Event: 8.875 Executing VM operation: HandshakeAllThreads (Deoptimize)
Event: 8.876 Executing VM operation: HandshakeAllThreads (Deoptimize) done
Event: 8.879 Executing VM operation: HandshakeAllThreads (Deoptimize)
Event: 8.880 Executing VM operation: HandshakeAllThreads (Deoptimize) done
Event: 8.924 Executing VM operation: HandshakeAllThreads (Deoptimize)
Event: 8.924 Executing VM operation: HandshakeAllThreads (Deoptimize) done
Event: 9.072 Executing VM operation: ParallelGCFailedAllocation (Allocation Failure)
Event: 9.077 Executing VM operation: ParallelGCFailedAllocation (Allocation Failure) done
Event: 9.375 Executing VM operation: ParallelGCFailedAllocation (Allocation Failure)
Event: 9.379 Executing VM operation: ParallelGCFailedAllocation (Allocation Failure) done
Event: 9.440 Executing VM operation: HandshakeAllThreads (Deoptimize)
Event: 9.440 Executing VM operation: HandshakeAllThreads (Deoptimize) done
Event: 9.480 Executing VM operation: CollectForMetadataAllocation (Metadata GC Threshold)
Event: 9.537 Executing VM operation: CollectForMetadataAllocation (Metadata GC Threshold) done
Event: 9.884 Executing VM operation: ParallelGCFailedAllocation (Allocation Failure)
Event: 9.886 Executing VM operation: ParallelGCFailedAllocation (Allocation Failure) done

Memory protections (0 events):
No events

Nmethod flushes (20 events):
Event: 9.509 Thread 0x000002dca805ead0 flushing  nmethod 0x000002dcadad6a90
Event: 9.509 Thread 0x000002dca805ead0 flushing  nmethod 0x000002dcadafec90
Event: 9.509 Thread 0x000002dca805ead0 flushing  nmethod 0x000002dcadaff090
Event: 9.509 Thread 0x000002dca805ead0 flushing  nmethod 0x000002dcadaff990
Event: 9.509 Thread 0x000002dca805ead0 flushing  nmethod 0x000002dcadb00b90
Event: 9.509 Thread 0x000002dca805ead0 flushing  nmethod 0x000002dcadb01390
Event: 9.509 Thread 0x000002dca805ead0 flushing  nmethod 0x000002dcadb03490
Event: 9.509 Thread 0x000002dca805ead0 flushing  nmethod 0x000002dcadb03990
Event: 9.509 Thread 0x000002dca805ead0 flushing  nmethod 0x000002dcadb04510
Event: 9.509 Thread 0x000002dca805ead0 flushing  nmethod 0x000002dcadb05a10
Event: 9.509 Thread 0x000002dca805ead0 flushing  nmethod 0x000002dcadb06410
Event: 9.509 Thread 0x000002dca805ead0 flushing  nmethod 0x000002dcadb0f710
Event: 9.509 Thread 0x000002dca805ead0 flushing  nmethod 0x000002dcadb11390
Event: 9.509 Thread 0x000002dca805ead0 flushing  nmethod 0x000002dcadb57110
Event: 9.509 Thread 0x000002dca805ead0 flushing  nmethod 0x000002dcadb60890
Event: 9.509 Thread 0x000002dca805ead0 flushing  nmethod 0x000002dcadb65610
Event: 9.509 Thread 0x000002dca805ead0 flushing  nmethod 0x000002dcadb6d410
Event: 9.509 Thread 0x000002dca805ead0 flushing  nmethod 0x000002dcadbb1610
Event: 9.509 Thread 0x000002dca805ead0 flushing  nmethod 0x000002dcadbe6690
Event: 9.509 Thread 0x000002dca805ead0 flushing  nmethod 0x000002dcadc20690

Events (20 events):
Event: 6.391 Thread 0x000002dcbe616160 Thread added: 0x000002dd0540bac0
Event: 6.477 Thread 0x000002dd0506d550 Thread added: 0x000002dd054134c0
Event: 6.860 Thread 0x000002dd0540bac0 Thread exited: 0x000002dd0540bac0
Event: 7.083 Thread 0x000002dd0506d550 Thread added: 0x000002dd05414870
Event: 7.126 Thread 0x000002dd0506d550 Thread added: 0x000002dd05413b50
Event: 7.134 Thread 0x000002dcbe616160 Thread added: 0x000002dd00a44540
Event: 7.154 Thread 0x000002dd0506d550 Thread added: 0x000002dd05415c20
Event: 8.058 Thread 0x000002dd05413b50 Thread added: 0x000002dd054141e0
Event: 8.756 Thread 0x000002dd0506d550 Thread added: 0x000002dd05414f00
Event: 9.054 Thread 0x000002dd05415c20 Thread added: 0x000002dd05412e30
Event: 9.068 Thread 0x000002dd05412e30 Thread added: 0x000002dd054127a0
Event: 9.194 Thread 0x000002dd054127a0 Thread added: 0x000002dd05415590
Event: 9.375 Thread 0x000002dcaa2728f0 Thread added: 0x000002dd07973fe0
Event: 9.385 Thread 0x000002dcaa2728f0 Thread added: 0x000002dd07976740
Event: 9.385 Thread 0x000002dcaa2728f0 Thread added: 0x000002dd07974670
Event: 9.385 Thread 0x000002dcaa2728f0 Thread added: 0x000002dd07977460
Event: 9.385 Thread 0x000002dcaa2728f0 Thread added: 0x000002dd07976dd0
Event: 9.417 Thread 0x000002dcaa2728f0 Thread added: 0x000002dd07971880
Event: 9.795 Thread 0x000002dcaa2728f0 Thread added: 0x000002dd079725a0
Event: 9.795 Thread 0x000002dcaa2728f0 Thread added: 0x000002dd07977af0


Dynamic libraries:
0x00007ff64a0d0000 - 0x00007ff64a0de000 	c:\Users\giles\.vscode\extensions\redhat.java-1.42.0-win32-x64\jre\21.0.7-win32-x86_64\bin\java.exe
0x00007ffbad960000 - 0x00007ffbadb69000 	C:\Windows\SYSTEM32\ntdll.dll
0x00007ffbacc90000 - 0x00007ffbacd4d000 	C:\Windows\System32\KERNEL32.DLL
0x00007ffbab3f0000 - 0x00007ffbab774000 	C:\Windows\System32\KERNELBASE.dll
0x00007ffbab020000 - 0x00007ffbab131000 	C:\Windows\System32\ucrtbase.dll
0x00007ffb7cf80000 - 0x00007ffb7cf98000 	c:\Users\giles\.vscode\extensions\redhat.java-1.42.0-win32-x64\jre\21.0.7-win32-x86_64\bin\jli.dll
0x00007ffbad710000 - 0x00007ffbad8bd000 	C:\Windows\System32\USER32.dll
0x00007ffbab780000 - 0x00007ffbab7a6000 	C:\Windows\System32\win32u.dll
0x00007ffbab7b0000 - 0x00007ffbab7da000 	C:\Windows\System32\GDI32.dll
0x00007ffbaaf00000 - 0x00007ffbab01e000 	C:\Windows\System32\gdi32full.dll
0x00007ffbaae60000 - 0x00007ffbaaefd000 	C:\Windows\System32\msvcp_win.dll
0x00007ffb79bf0000 - 0x00007ffb79c0e000 	c:\Users\giles\.vscode\extensions\redhat.java-1.42.0-win32-x64\jre\21.0.7-win32-x86_64\bin\VCRUNTIME140.dll
0x00007ffb98fb0000 - 0x00007ffb99255000 	C:\Windows\WinSxS\amd64_microsoft.windows.common-controls_6595b64144ccf1df_6.0.22000.120_none_9d947278b86cc467\COMCTL32.dll
0x00007ffbad300000 - 0x00007ffbad3a3000 	C:\Windows\System32\msvcrt.dll
0x00007ffbad100000 - 0x00007ffbad131000 	C:\Windows\System32\IMM32.DLL
0x00007ffb96300000 - 0x00007ffb9630c000 	c:\Users\giles\.vscode\extensions\redhat.java-1.42.0-win32-x64\jre\21.0.7-win32-x86_64\bin\vcruntime140_1.dll
0x00007ffb707a0000 - 0x00007ffb7082d000 	c:\Users\giles\.vscode\extensions\redhat.java-1.42.0-win32-x64\jre\21.0.7-win32-x86_64\bin\msvcp140.dll
0x00007ffb4d710000 - 0x00007ffb4e4a0000 	c:\Users\giles\.vscode\extensions\redhat.java-1.42.0-win32-x64\jre\21.0.7-win32-x86_64\bin\server\jvm.dll
0x00007ffbab7e0000 - 0x00007ffbab88e000 	C:\Windows\System32\ADVAPI32.dll
0x00007ffbabee0000 - 0x00007ffbabf7e000 	C:\Windows\System32\sechost.dll
0x00007ffbad4a0000 - 0x00007ffbad5c1000 	C:\Windows\System32\RPCRT4.dll
0x00007ffbaba60000 - 0x00007ffbabacf000 	C:\Windows\System32\WS2_32.dll
0x00007ffbaacc0000 - 0x00007ffbaad0d000 	C:\Windows\SYSTEM32\POWRPROF.dll
0x00007ffb99390000 - 0x00007ffb993c3000 	C:\Windows\SYSTEM32\WINMM.dll
0x00007ffba5850000 - 0x00007ffba585a000 	C:\Windows\SYSTEM32\VERSION.dll
0x00007ffbaaca0000 - 0x00007ffbaacb3000 	C:\Windows\SYSTEM32\UMPDC.dll
0x00007ffba9e60000 - 0x00007ffba9e78000 	C:\Windows\SYSTEM32\kernel.appcore.dll
0x00007ffb93bb0000 - 0x00007ffb93bba000 	c:\Users\giles\.vscode\extensions\redhat.java-1.42.0-win32-x64\jre\21.0.7-win32-x86_64\bin\jimage.dll
0x00007ffb99400000 - 0x00007ffb99621000 	C:\Windows\SYSTEM32\DBGHELP.DLL
0x00007ffb93b30000 - 0x00007ffb93b61000 	C:\Windows\SYSTEM32\dbgcore.DLL
0x00007ffbab140000 - 0x00007ffbab1bf000 	C:\Windows\System32\bcryptPrimitives.dll
0x00007ffb93750000 - 0x00007ffb9375f000 	c:\Users\giles\.vscode\extensions\redhat.java-1.42.0-win32-x64\jre\21.0.7-win32-x86_64\bin\instrument.dll
0x00007ffb74fc0000 - 0x00007ffb74fdf000 	c:\Users\giles\.vscode\extensions\redhat.java-1.42.0-win32-x64\jre\21.0.7-win32-x86_64\bin\java.dll
0x00007ffbabfa0000 - 0x00007ffbac765000 	C:\Windows\System32\SHELL32.dll
0x00007ffba8ec0000 - 0x00007ffba9722000 	C:\Windows\SYSTEM32\windows.storage.dll
0x00007ffbabb60000 - 0x00007ffbabed6000 	C:\Windows\System32\combase.dll
0x00007ffba8d50000 - 0x00007ffba8eb7000 	C:\Windows\SYSTEM32\wintypes.dll
0x00007ffbad3b0000 - 0x00007ffbad49a000 	C:\Windows\System32\SHCORE.dll
0x00007ffbad8c0000 - 0x00007ffbad91d000 	C:\Windows\System32\shlwapi.dll
0x00007ffbaad20000 - 0x00007ffbaad45000 	C:\Windows\SYSTEM32\profapi.dll
0x00007ffb74f20000 - 0x00007ffb74f38000 	c:\Users\giles\.vscode\extensions\redhat.java-1.42.0-win32-x64\jre\21.0.7-win32-x86_64\bin\zip.dll
0x00007ffb931b0000 - 0x00007ffb931c0000 	C:\Users\giles\.vscode\extensions\redhat.java-1.42.0-win32-x64\jre\21.0.7-win32-x86_64\bin\net.dll
0x00007ffba56e0000 - 0x00007ffba57f4000 	C:\Windows\SYSTEM32\WINHTTP.dll
0x00007ffbaa310000 - 0x00007ffbaa377000 	C:\Windows\system32\mswsock.dll
0x00007ffb748f0000 - 0x00007ffb74906000 	C:\Users\giles\.vscode\extensions\redhat.java-1.42.0-win32-x64\jre\21.0.7-win32-x86_64\bin\nio.dll
0x00007ffb7cea0000 - 0x00007ffb7ceb0000 	c:\Users\giles\.vscode\extensions\redhat.java-1.42.0-win32-x64\jre\21.0.7-win32-x86_64\bin\verify.dll
0x00007ffb6da20000 - 0x00007ffb6da65000 	C:\Users\giles\AppData\Roaming\Code\User\globalStorage\redhat.java\1.42.0\config_win\org.eclipse.equinox.launcher\org.eclipse.equinox.launcher.win32.win32.x86_64_1.2.1300.v20250331-1702\eclipse_11911.dll
0x00007ffbacde0000 - 0x00007ffbacf7a000 	C:\Windows\System32\ole32.dll
0x00007ffbaa550000 - 0x00007ffbaa568000 	C:\Windows\SYSTEM32\CRYPTSP.dll
0x00007ffba9dc0000 - 0x00007ffba9df5000 	C:\Windows\system32\rsaenh.dll
0x00007ffbaa400000 - 0x00007ffbaa42c000 	C:\Windows\SYSTEM32\USERENV.dll
0x00007ffbaa6d0000 - 0x00007ffbaa6f7000 	C:\Windows\SYSTEM32\bcrypt.dll
0x00007ffbaa570000 - 0x00007ffbaa57c000 	C:\Windows\SYSTEM32\CRYPTBASE.dll
0x00007ffba9980000 - 0x00007ffba99ad000 	C:\Windows\SYSTEM32\IPHLPAPI.DLL
0x00007ffbacc00000 - 0x00007ffbacc09000 	C:\Windows\System32\NSI.dll
0x00007ffb6c810000 - 0x00007ffb6c859000 	C:\Users\giles\AppData\Local\Temp\jna--1494600927\jna10736312934008061879.dll
0x00007ffbacbf0000 - 0x00007ffbacbf8000 	C:\Windows\System32\PSAPI.DLL
0x00007ffba5600000 - 0x00007ffba5619000 	C:\Windows\SYSTEM32\dhcpcsvc6.DLL
0x00007ffba6010000 - 0x00007ffba602e000 	C:\Windows\SYSTEM32\dhcpcsvc.DLL

dbghelp: loaded successfully - version: 4.0.5 - missing functions: none
symbol engine: initialized successfully - sym options: 0x614 - pdb path: .;c:\Users\giles\.vscode\extensions\redhat.java-1.42.0-win32-x64\jre\21.0.7-win32-x86_64\bin;C:\Windows\SYSTEM32;C:\Windows\WinSxS\amd64_microsoft.windows.common-controls_6595b64144ccf1df_6.0.22000.120_none_9d947278b86cc467;c:\Users\giles\.vscode\extensions\redhat.java-1.42.0-win32-x64\jre\21.0.7-win32-x86_64\bin\server;C:\Users\giles\AppData\Roaming\Code\User\globalStorage\redhat.java\1.42.0\config_win\org.eclipse.equinox.launcher\org.eclipse.equinox.launcher.win32.win32.x86_64_1.2.1300.v20250331-1702;C:\Users\giles\AppData\Local\Temp\jna--1494600927

VM Arguments:
jvm_args: --add-modules=ALL-SYSTEM --add-opens=java.base/java.util=ALL-UNNAMED --add-opens=java.base/java.lang=ALL-UNNAMED --add-opens=java.base/sun.nio.fs=ALL-UNNAMED -Declipse.application=org.eclipse.jdt.ls.core.id1 -Dosgi.bundles.defaultStartLevel=4 -Declipse.product=org.eclipse.jdt.ls.core.product -Djava.import.generatesMetadataFilesAtProjectRoot=false -DDetectVMInstallationsJob.disabled=true -Dfile.encoding=utf8 -XX:+UseParallelGC -XX:GCTimeRatio=4 -XX:AdaptiveSizePolicyWeight=90 -Dsun.zip.disableMemoryMapping=true -Xmx1G -Xms100m -Xlog:disable -javaagent:c:\Users\giles\.vscode\extensions\redhat.java-1.42.0-win32-x64\lombok\lombok-1.18.36.jar -XX:+HeapDumpOnOutOfMemoryError -XX:HeapDumpPath=c:\Users\giles\AppData\Roaming\Code\User\workspaceStorage\b34053dedf049084466dff1909101e78\redhat.java -Daether.dependencyCollector.impl=bf 
java_command: c:\Users\giles\.vscode\extensions\redhat.java-1.42.0-win32-x64\server\plugins\org.eclipse.equinox.launcher_1.7.0.v20250424-1814.jar -configuration c:\Users\giles\AppData\Roaming\Code\User\globalStorage\redhat.java\1.42.0\config_win -data c:\Users\giles\AppData\Roaming\Code\User\workspaceStorage\b34053dedf049084466dff1909101e78\redhat.java\jdt_ws --pipe=\\.\pipe\lsp-48e9ef6967c9aed1de5116d20695b263-sock
java_class_path (initial): c:\Users\giles\.vscode\extensions\redhat.java-1.42.0-win32-x64\server\plugins\org.eclipse.equinox.launcher_1.7.0.v20250424-1814.jar
Launcher Type: SUN_STANDARD

[Global flags]
    uintx AdaptiveSizePolicyWeight                 = 90                                        {product} {command line}
     intx CICompilerCount                          = 3                                         {product} {ergonomic}
    uintx GCTimeRatio                              = 4                                         {product} {command line}
     bool HeapDumpOnOutOfMemoryError               = true                                   {manageable} {command line}
    ccstr HeapDumpPath                             = c:\Users\giles\AppData\Roaming\Code\User\workspaceStorage\b34053dedf049084466dff1909101e78\redhat.java         {manageable} {command line}
   size_t InitialHeapSize                          = 104857600                                 {product} {command line}
   size_t MaxHeapSize                              = 1073741824                                {product} {command line}
   size_t MaxNewSize                               = 357564416                                 {product} {ergonomic}
   size_t MinHeapDeltaBytes                        = 524288                                    {product} {ergonomic}
   size_t MinHeapSize                              = 104857600                                 {product} {command line}
   size_t NewSize                                  = 34603008                                  {product} {ergonomic}
    uintx NonNMethodCodeHeapSize                   = 5832780                                {pd product} {ergonomic}
    uintx NonProfiledCodeHeapSize                  = 122912730                              {pd product} {ergonomic}
   size_t OldSize                                  = 70254592                                  {product} {ergonomic}
    uintx ProfiledCodeHeapSize                     = 122912730                              {pd product} {ergonomic}
    uintx ReservedCodeCacheSize                    = 251658240                              {pd product} {ergonomic}
     bool SegmentedCodeCache                       = true                                      {product} {ergonomic}
   size_t SoftMaxHeapSize                          = 1073741824                             {manageable} {ergonomic}
     bool UseCompressedOops                        = true                           {product lp64_product} {ergonomic}
     bool UseLargePagesIndividualAllocation        = false                                  {pd product} {ergonomic}
     bool UseParallelGC                            = true                                      {product} {command line}

Logging:
Log output configuration:
 #0: stdout all=off uptime,level,tags foldmultilines=false
 #1: stderr all=off uptime,level,tags foldmultilines=false

Environment Variables:
JAVA_HOME=C:\Users\giles\AppData\Local\Programs\Eclipse Adoptium\jdk-17.0.15.6-hotspot\
PATH=C:\Program Files\Common Files\Oracle\Java\javapath;C:\Windows\system32;C:\Windows;C:\Windows\System32\Wbem;C:\Windows\System32\WindowsPowerShell\v1.0\;C:\Windows\System32\OpenSSH\;C:\ProgramData\chocolatey\bin;C:\Program Files\Git\cmd;C:\Program Files\nodejs\;;;%M2_HOME%\bin;C:\Users\giles\AppData\Local\Programs\Eclipse Adoptium\jdk-17.0.15.6-hotspot\bin;C:\Users\giles\AppData\Local\Programs\Python\Python313\Scripts\;C:\Users\giles\AppData\Local\Programs\Python\Python313\;C:\Users\giles\AppData\Local\Programs\Python\Launcher\;C:\Users\giles\AppData\Local\Microsoft\WindowsApps;C:\Users\giles\AppData\Local\Microsoft\WinGet\Packages\Schniz.fnm_Microsoft.Winget.Source_8wekyb3d8bbwe;C:\Users\giles\AppData\Local\GitHubDesktop\bin;C:\Users\giles\Desktop\Microsoft VS Code\bin;C:\Program Files\JetBrains\IntelliJ IDEA 2025.1\bin;;C:\Users\giles\AppData\Roaming\npm
USERNAME=CAPACITI-JHB
OS=Windows_NT
PROCESSOR_IDENTIFIER=Intel64 Family 6 Model 158 Stepping 9, GenuineIntel
TMP=C:\Users\giles\AppData\Local\Temp
TEMP=C:\Users\giles\AppData\Local\Temp




Periodic native trim disabled

---------------  S Y S T E M  ---------------

OS:
 Windows 11 , 64 bit Build 22000 (10.0.22000.2538)
OS uptime: 3 days 5:06 hours

CPU: total 4 (initial active 4) (2 cores per cpu, 2 threads per core) family 6 model 158 stepping 9 microcode 0xea, cx8, cmov, fxsr, ht, mmx, 3dnowpref, sse, sse2, sse3, ssse3, sse4.1, sse4.2, popcnt, lzcnt, tsc, tscinvbit, avx, avx2, aes, erms, clmul, bmi1, bmi2, adx, fma, vzeroupper, clflush, clflushopt, rdtscp, f16c
Processor Information for the first 4 processors :
  Max Mhz: 3912, Current Mhz: 3912, Mhz Limit: 3912

Memory: 4k page, system-wide physical 8106M (398M free)
TotalPageFile size 12806M (AvailPageFile size 4M)
current process WorkingSet (physical memory assigned to process): 186M, peak: 187M
current process commit charge ("private bytes"): 265M, peak: 266M

vm_info: OpenJDK 64-Bit Server VM (21.0.7+6-LTS) for windows-amd64 JRE (21.0.7+6-LTS), built on 2025-04-15T00:00:00Z by "admin" with MS VC++ 17.7 (VS2022)

END.
